[1] "Read all files in the list of files."
[1] "1 / 519"
[1] "Process lat/lon: 37.10258,-107.870219"
  latitude   longitude
1 37.10258 -107.870219
[1] "2 / 519"
[1] "Process lat/lon: 29.901036,-95.326137"
   latitude  longitude
1 29.901036 -95.326137
[1] "3 / 519"
[1] "Process lat/lon: 39.965278,-76.699444"
   latitude  longitude
1 39.965278 -76.699444
[1] "4 / 519"
[1] "Process lat/lon: 37.936013,-122.026154"
   latitude   longitude
1 37.936013 -122.026154
[1] "5 / 519"
[1] "Process lat/lon: 30.356339,-81.635396"
   latitude  longitude
1 30.356339 -81.635396
[1] "6 / 519"
[1] "Process lat/lon: 28.596389,-81.3625"
   latitude longitude
1 28.596389  -81.3625
[1] "7 / 519"
[1] "Process lat/lon: 27.785866,-82.739875"
   latitude  longitude
1 27.785866 -82.739875
[1] "8 / 519"
[1] "Process lat/lon: 29.670025,-95.128508"
   latitude  longitude
1 29.670025 -95.128508
[1] "9 / 519"
[1] "Process lat/lon: 40.67025,-74.126081"
  latitude  longitude
1 40.67025 -74.126081
[1] "10 / 519"
[1] "Process lat/lon: 33.219069,-97.196284"
   latitude  longitude
1 33.219069 -97.196284
[1] "11 / 519"
[1] "Process lat/lon: 40.462182,-74.429439"
   latitude  longitude
1 40.462182 -74.429439
[1] "12 / 519"
[1] "Process lat/lon: 40.64144,-74.208365"
slurmstepd: error: *** JOB 58845171 ON c1306ie02 CANCELLED AT 2025-02-06T16:20:47 ***
